2025-12-05 01:05:34,171 - INFO - Changed game state to title
2025-12-05 01:05:35,545 - DEBUG - Loading map 'world_map'
2025-12-05 01:05:35,617 - DEBUG - Player image loaded successfully.
2025-12-05 01:05:35,617 - DEBUG - Game.new - Spawn Location: (68, 40)
2025-12-05 01:05:35,618 - INFO - Changed game state to world
2025-12-05 01:05:41,884 - DEBUG - Loading map 'town_01'
2025-12-05 01:05:41,884 - DEBUG - Spawning player at grid (10, 18) -> pixel (320, 576)
2025-12-05 01:05:41,884 - DEBUG - 
--- MAP DUMP AROUND (10, 18) ---
2025-12-05 01:05:41,884 - DEBUG -   8 | #...???:??..??:??..#
2025-12-05 01:05:41,884 - DEBUG -   9 | #..................#
2025-12-05 01:05:41,884 - DEBUG -  10 | #..................#
2025-12-05 01:05:41,889 - DEBUG -  11 | #..................#
2025-12-05 01:05:41,889 - DEBUG -  12 | #..................#
2025-12-05 01:05:41,889 - DEBUG -  13 | #..................#
2025-12-05 01:05:41,889 - DEBUG -  14 | #..................#
2025-12-05 01:05:41,889 - DEBUG -  15 | #..................#
2025-12-05 01:05:41,889 - DEBUG -  16 | #..................#
2025-12-05 01:05:41,889 - DEBUG -  17 | #..................#
2025-12-05 01:05:41,889 - DEBUG -  18 | #.........P........#
2025-12-05 01:05:41,889 - DEBUG -  19 | ##########:#########
2025-12-05 01:05:41,889 - DEBUG - -----------------------------------

2025-12-05 01:05:44,952 - INFO - Flag set: met_mira
